"2022-03-17 09:48:31 [restartedMain] INFO  c.c.d.DailySharePriceApplication - Starting DailySharePriceApplication using Java 17.0.1 on DESKTOP-40I8RBI with PID 9004 (E:\Final-Project\ecclipse workspace\DailySharePrice\target\classes started by LENOVO in E:\Final-Project\ecclipse workspace\DailySharePrice)
""2022-03-17 09:48:31 [restartedMain] INFO  c.c.d.DailySharePriceApplication - No active profile set, falling back to 1 default profile: "default"
""2022-03-17 09:48:31 [restartedMain] INFO  o.s.b.d.e.DevToolsPropertyDefaultsPostProcessor - Devtools property defaults active! Set 'spring.devtools.add-properties' to 'false' to disable
""2022-03-17 09:48:31 [restartedMain] INFO  o.s.b.d.e.DevToolsPropertyDefaultsPostProcessor - For additional web related logging consider setting the 'logging.level.web' property to 'DEBUG'
""2022-03-17 09:48:37 [restartedMain] INFO  o.s.d.r.c.RepositoryConfigurationDelegate - Bootstrapping Spring Data JPA repositories in DEFAULT mode.
""2022-03-17 09:48:37 [restartedMain] INFO  o.s.d.r.c.RepositoryConfigurationDelegate - Finished Spring Data repository scanning in 199 ms. Found 1 JPA repository interfaces.
""2022-03-17 09:48:39 [restartedMain] INFO  o.s.cloud.context.scope.GenericScope - BeanFactory id=06edcab2-3d4f-375c-b803-7ee141e7ed09
""2022-03-17 09:48:44 [restartedMain] INFO  o.s.b.w.e.tomcat.TomcatWebServer - Tomcat initialized with port(s): 8082 (http)
""2022-03-17 09:48:44 [restartedMain] INFO  o.a.catalina.core.StandardService - Starting service [Tomcat]
""2022-03-17 09:48:44 [restartedMain] INFO  o.a.catalina.core.StandardEngine - Starting Servlet engine: [Apache Tomcat/9.0.58]
""2022-03-17 09:48:45 [restartedMain] INFO  o.a.c.c.C.[Tomcat].[localhost].[/] - Initializing Spring embedded WebApplicationContext
""2022-03-17 09:48:45 [restartedMain] INFO  o.s.b.w.s.c.ServletWebServerApplicationContext - Root WebApplicationContext: initialization completed in 13558 ms
""2022-03-17 09:48:45 [restartedMain] INFO  com.zaxxer.hikari.HikariDataSource - HikariPool-1 - Starting...
""2022-03-17 09:48:46 [restartedMain] INFO  com.zaxxer.hikari.HikariDataSource - HikariPool-1 - Start completed.
""2022-03-17 09:48:47 [restartedMain] INFO  o.s.b.a.h.H2ConsoleAutoConfiguration - H2 console available at '/h2-console'. Database available at 'jdbc:h2:mem:pms'
""2022-03-17 09:48:54 [restartedMain] INFO  o.h.jpa.internal.util.LogHelper - HHH000204: Processing PersistenceUnitInfo [name: default]
""2022-03-17 09:48:55 [restartedMain] INFO  org.hibernate.Version - HHH000412: Hibernate ORM core version 5.6.5.Final
""2022-03-17 09:48:56 [restartedMain] INFO  o.h.annotations.common.Version - HCANN000001: Hibernate Commons Annotations {5.1.2.Final}
""2022-03-17 09:48:57 [restartedMain] INFO  org.hibernate.dialect.Dialect - HHH000400: Using dialect: org.hibernate.dialect.H2Dialect
""2022-03-17 09:49:02 [restartedMain] INFO  o.h.e.t.j.p.i.JtaPlatformInitiator - HHH000490: Using JtaPlatform implementation: [org.hibernate.engine.transaction.jta.platform.internal.NoJtaPlatform]
""2022-03-17 09:49:02 [restartedMain] INFO  o.s.o.j.LocalContainerEntityManagerFactoryBean - Initialized JPA EntityManagerFactory for persistence unit 'default'
""2022-03-17 09:49:07 [restartedMain] WARN  o.s.b.a.o.j.JpaBaseConfiguration$JpaWebConfiguration - spring.jpa.open-in-view is enabled by default. Therefore, database queries may be performed during view rendering. Explicitly configure spring.jpa.open-in-view to disable this warning
""2022-03-17 09:49:07 [restartedMain] INFO  o.s.b.d.a.OptionalLiveReloadServer - LiveReload server is running on port 35729
""2022-03-17 09:49:15 [restartedMain] INFO  o.s.b.w.e.tomcat.TomcatWebServer - Tomcat started on port(s): 8082 (http) with context path ''
""2022-03-17 09:49:17 [restartedMain] INFO  c.c.d.DailySharePriceApplication - Started DailySharePriceApplication in 47.736 seconds (JVM running for 48.839)
""2022-03-17 10:01:19 [http-nio-8082-exec-1] INFO  o.a.c.c.C.[Tomcat].[localhost].[/] - Initializing Spring DispatcherServlet 'dispatcherServlet'
""2022-03-17 10:01:19 [http-nio-8082-exec-1] INFO  o.s.web.servlet.DispatcherServlet - Initializing Servlet 'dispatcherServlet'
""2022-03-17 10:01:19 [http-nio-8082-exec-1] INFO  o.s.web.servlet.DispatcherServlet - Completed initialization in 62 ms
""2022-03-17 10:03:58 [http-nio-8082-exec-7] INFO  c.c.d.controller.StockController - fetching Mutual Fund using mutualFundName
""2022-03-17 10:03:58 [http-nio-8082-exec-6] INFO  c.c.d.controller.StockController - fetching Mutual Fund using mutualFundName
""2022-03-17 10:04:02 [http-nio-8082-exec-10] INFO  c.c.d.controller.StockController - fetching Mutual Fund using mutualFundName
""2022-03-17 10:04:02 [http-nio-8082-exec-1] INFO  c.c.d.controller.StockController - fetching Mutual Fund using mutualFundName
""2022-03-17 10:04:02 [http-nio-8082-exec-2] INFO  c.c.d.controller.StockController - fetching Mutual Fund using mutualFundName
""2022-03-17 10:04:02 [http-nio-8082-exec-3] INFO  c.c.d.controller.StockController - fetching Mutual Fund using mutualFundName
""2022-03-17 10:05:32 [http-nio-8082-exec-7] INFO  c.c.d.controller.StockController - fetching Mutual Fund using mutualFundName
""2022-03-17 10:05:32 [http-nio-8082-exec-8] INFO  c.c.d.controller.StockController - fetching Mutual Fund using mutualFundName
""2022-03-17 10:08:06 [http-nio-8082-exec-1] INFO  c.c.d.controller.StockController - fetching Mutual Fund using mutualFundName
""2022-03-17 10:08:06 [http-nio-8082-exec-2] INFO  c.c.d.controller.StockController - fetching Mutual Fund using mutualFundName
""2022-03-17 10:08:06 [http-nio-8082-exec-3] INFO  c.c.d.controller.StockController - fetching Mutual Fund using mutualFundName
""2022-03-17 10:08:06 [http-nio-8082-exec-5] INFO  c.c.d.controller.StockController - fetching Mutual Fund using mutualFundName
""2022-03-17 10:52:49 [HikariPool-1 housekeeper] WARN  com.zaxxer.hikari.pool.HikariPool - HikariPool-1 - Thread starvation or clock leap detected (housekeeper delta=1m2s100ms20µs646ns).
""2022-03-17 11:05:21 [http-nio-8082-exec-9] ERROR o.a.c.c.C.[.[.[.[dispatcherServlet] - Servlet.service() for servlet [dispatcherServlet] in context with path [] threw exception [Request processing failed; nested exception is feign.FeignException$InternalServerError: [500] during [GET] to [http://localhost:8081/getuname] [AuthorizationClient#getUname(String)]: [{"timestamp":"2022-03-17T05:35:20.357+00:00","status":500,"error":"Internal Server Error","trace":"io.jsonwebtoken.ExpiredJwtException: JWT expired at 2022-03-17T10:11:46Z. Current time: 2022-03-17T11... (10509 bytes)]] with root cause
"feign.FeignException$InternalServerError: [500] during [GET] to [http://localhost:8081/getuname] [AuthorizationClient#getUname(String)]: [{"timestamp":"2022-03-17T05:35:20.357+00:00","status":500,"error":"Internal Server Error","trace":"io.jsonwebtoken.ExpiredJwtException: JWT expired at 2022-03-17T10:11:46Z. Current time: 2022-03-17T11... (10509 bytes)]
	at feign.FeignException.serverErrorStatus(FeignException.java:250)
	at feign.FeignException.errorStatus(FeignException.java:197)
	at feign.FeignException.errorStatus(FeignException.java:185)
	at feign.codec.ErrorDecoder$Default.decode(ErrorDecoder.java:92)
	at feign.AsyncResponseHandler.handleResponse(AsyncResponseHandler.java:96)
	at feign.SynchronousMethodHandler.executeAndDecode(SynchronousMethodHandler.java:138)
	at feign.SynchronousMethodHandler.invoke(SynchronousMethodHandler.java:89)
	at feign.ReflectiveFeign$FeignInvocationHandler.invoke(ReflectiveFeign.java:100)
	at jdk.proxy4/jdk.proxy4.$Proxy119.getUname(Unknown Source)
	at com.cts.dailyshareprice.controller.StockController.getAllStockDetails(StockController.java:43)
	at java.base/jdk.internal.reflect.NativeMethodAccessorImpl.invoke0(Native Method)
	at java.base/jdk.internal.reflect.NativeMethodAccessorImpl.invoke(NativeMethodAccessorImpl.java:77)
	at java.base/jdk.internal.reflect.DelegatingMethodAccessorImpl.invoke(DelegatingMethodAccessorImpl.java:43)
	at java.base/java.lang.reflect.Method.invoke(Method.java:568)
	at org.springframework.web.method.support.InvocableHandlerMethod.doInvoke(InvocableHandlerMethod.java:205)
	at org.springframework.web.method.support.InvocableHandlerMethod.invokeForRequest(InvocableHandlerMethod.java:150)
	at org.springframework.web.servlet.mvc.method.annotation.ServletInvocableHandlerMethod.invokeAndHandle(ServletInvocableHandlerMethod.java:117)
	at org.springframework.web.servlet.mvc.method.annotation.RequestMappingHandlerAdapter.invokeHandlerMethod(RequestMappingHandlerAdapter.java:895)
	at org.springframework.web.servlet.mvc.method.annotation.RequestMappingHandlerAdapter.handleInternal(RequestMappingHandlerAdapter.java:808)
	at org.springframework.web.servlet.mvc.method.AbstractHandlerMethodAdapter.handle(AbstractHandlerMethodAdapter.java:87)
	at org.springframework.web.servlet.DispatcherServlet.doDispatch(DispatcherServlet.java:1067)
	at org.springframework.web.servlet.DispatcherServlet.doService(DispatcherServlet.java:963)
	at org.springframework.web.servlet.FrameworkServlet.processRequest(FrameworkServlet.java:1006)
	at org.springframework.web.servlet.FrameworkServlet.doGet(FrameworkServlet.java:898)
	at javax.servlet.http.HttpServlet.service(HttpServlet.java:655)
	at org.springframework.web.servlet.FrameworkServlet.service(FrameworkServlet.java:883)
	at javax.servlet.http.HttpServlet.service(HttpServlet.java:764)
	at org.apache.catalina.core.ApplicationFilterChain.internalDoFilter(ApplicationFilterChain.java:227)
	at org.apache.catalina.core.ApplicationFilterChain.doFilter(ApplicationFilterChain.java:162)
	at org.apache.tomcat.websocket.server.WsFilter.doFilter(WsFilter.java:53)
	at org.apache.catalina.core.ApplicationFilterChain.internalDoFilter(ApplicationFilterChain.java:189)
	at org.apache.catalina.core.ApplicationFilterChain.doFilter(ApplicationFilterChain.java:162)
	at org.springframework.web.filter.RequestContextFilter.doFilterInternal(RequestContextFilter.java:100)
	at org.springframework.web.filter.OncePerRequestFilter.doFilter(OncePerRequestFilter.java:117)
	at org.apache.catalina.core.ApplicationFilterChain.internalDoFilter(ApplicationFilterChain.java:189)
	at org.apache.catalina.core.ApplicationFilterChain.doFilter(ApplicationFilterChain.java:162)
	at org.springframework.web.filter.FormContentFilter.doFilterInternal(FormContentFilter.java:93)
	at org.springframework.web.filter.OncePerRequestFilter.doFilter(OncePerRequestFilter.java:117)
	at org.apache.catalina.core.ApplicationFilterChain.internalDoFilter(ApplicationFilterChain.java:189)
	at org.apache.catalina.core.ApplicationFilterChain.doFilter(ApplicationFilterChain.java:162)
	at org.springframework.web.filter.CharacterEncodingFilter.doFilterInternal(CharacterEncodingFilter.java:201)
	at org.springframework.web.filter.OncePerRequestFilter.doFilter(OncePerRequestFilter.java:117)
	at org.apache.catalina.core.ApplicationFilterChain.internalDoFilter(ApplicationFilterChain.java:189)
	at org.apache.catalina.core.ApplicationFilterChain.doFilter(ApplicationFilterChain.java:162)
	at org.apache.catalina.core.StandardWrapperValve.invoke(StandardWrapperValve.java:197)
	at org.apache.catalina.core.StandardContextValve.invoke(StandardContextValve.java:97)
	at org.apache.catalina.authenticator.AuthenticatorBase.invoke(AuthenticatorBase.java:540)
	at org.apache.catalina.core.StandardHostValve.invoke(StandardHostValve.java:135)
	at org.apache.catalina.valves.ErrorReportValve.invoke(ErrorReportValve.java:92)
	at org.apache.catalina.core.StandardEngineValve.invoke(StandardEngineValve.java:78)
	at org.apache.catalina.connector.CoyoteAdapter.service(CoyoteAdapter.java:359)
	at org.apache.coyote.http11.Http11Processor.service(Http11Processor.java:399)
	at org.apache.coyote.AbstractProcessorLight.process(AbstractProcessorLight.java:65)
	at org.apache.coyote.AbstractProtocol$ConnectionHandler.process(AbstractProtocol.java:889)
	at org.apache.tomcat.util.net.NioEndpoint$SocketProcessor.doRun(NioEndpoint.java:1735)
	at org.apache.tomcat.util.net.SocketProcessorBase.run(SocketProcessorBase.java:49)
	at org.apache.tomcat.util.threads.ThreadPoolExecutor.runWorker(ThreadPoolExecutor.java:1191)
	at org.apache.tomcat.util.threads.ThreadPoolExecutor$Worker.run(ThreadPoolExecutor.java:659)
	at org.apache.tomcat.util.threads.TaskThread$WrappingRunnable.run(TaskThread.java:61)
	at java.base/java.lang.Thread.run(Thread.java:833)
"2022-03-17 11:06:22 [http-nio-8082-exec-4] INFO  c.c.d.controller.StockController - fetching Mutual Fund using mutualFundName
""2022-03-17 11:06:22 [http-nio-8082-exec-5] INFO  c.c.d.controller.StockController - fetching Mutual Fund using mutualFundName
""2022-03-17 11:06:23 [http-nio-8082-exec-6] INFO  c.c.d.controller.StockController - fetching Mutual Fund using mutualFundName
""2022-03-17 11:06:23 [http-nio-8082-exec-7] INFO  c.c.d.controller.StockController - fetching Mutual Fund using mutualFundName
""2022-03-17 11:06:23 [http-nio-8082-exec-8] INFO  c.c.d.controller.StockController - fetching Mutual Fund using mutualFundName
""2022-03-17 11:06:23 [http-nio-8082-exec-9] INFO  c.c.d.controller.StockController - fetching Mutual Fund using mutualFundName
""2022-03-17 11:07:09 [http-nio-8082-exec-5] INFO  c.c.d.controller.StockController - fetching Mutual Fund using mutualFundName
""2022-03-17 11:07:09 [http-nio-8082-exec-4] INFO  c.c.d.controller.StockController - fetching Mutual Fund using mutualFundName
""2022-03-17 11:07:09 [http-nio-8082-exec-6] INFO  c.c.d.controller.StockController - fetching Mutual Fund using mutualFundName
""2022-03-17 11:07:09 [http-nio-8082-exec-7] INFO  c.c.d.controller.StockController - fetching Mutual Fund using mutualFundName
""2022-03-17 11:41:17 [http-nio-8082-exec-3] ERROR o.a.c.c.C.[.[.[.[dispatcherServlet] - Servlet.service() for servlet [dispatcherServlet] in context with path [] threw exception [Request processing failed; nested exception is feign.FeignException$InternalServerError: [500] during [GET] to [http://localhost:8081/getuname] [AuthorizationClient#getUname(String)]: [{"timestamp":"2022-03-17T06:11:17.869+00:00","status":500,"error":"Internal Server Error","trace":"io.jsonwebtoken.ExpiredJwtException: JWT expired at 2022-03-17T11:20:30Z. Current time: 2022-03-17T11... (10509 bytes)]] with root cause
"feign.FeignException$InternalServerError: [500] during [GET] to [http://localhost:8081/getuname] [AuthorizationClient#getUname(String)]: [{"timestamp":"2022-03-17T06:11:17.869+00:00","status":500,"error":"Internal Server Error","trace":"io.jsonwebtoken.ExpiredJwtException: JWT expired at 2022-03-17T11:20:30Z. Current time: 2022-03-17T11... (10509 bytes)]
	at feign.FeignException.serverErrorStatus(FeignException.java:250)
	at feign.FeignException.errorStatus(FeignException.java:197)
	at feign.FeignException.errorStatus(FeignException.java:185)
	at feign.codec.ErrorDecoder$Default.decode(ErrorDecoder.java:92)
	at feign.AsyncResponseHandler.handleResponse(AsyncResponseHandler.java:96)
	at feign.SynchronousMethodHandler.executeAndDecode(SynchronousMethodHandler.java:138)
	at feign.SynchronousMethodHandler.invoke(SynchronousMethodHandler.java:89)
	at feign.ReflectiveFeign$FeignInvocationHandler.invoke(ReflectiveFeign.java:100)
	at jdk.proxy4/jdk.proxy4.$Proxy119.getUname(Unknown Source)
	at com.cts.dailyshareprice.controller.StockController.getAllStockDetails(StockController.java:43)
	at java.base/jdk.internal.reflect.NativeMethodAccessorImpl.invoke0(Native Method)
	at java.base/jdk.internal.reflect.NativeMethodAccessorImpl.invoke(NativeMethodAccessorImpl.java:77)
	at java.base/jdk.internal.reflect.DelegatingMethodAccessorImpl.invoke(DelegatingMethodAccessorImpl.java:43)
	at java.base/java.lang.reflect.Method.invoke(Method.java:568)
	at org.springframework.web.method.support.InvocableHandlerMethod.doInvoke(InvocableHandlerMethod.java:205)
	at org.springframework.web.method.support.InvocableHandlerMethod.invokeForRequest(InvocableHandlerMethod.java:150)
	at org.springframework.web.servlet.mvc.method.annotation.ServletInvocableHandlerMethod.invokeAndHandle(ServletInvocableHandlerMethod.java:117)
	at org.springframework.web.servlet.mvc.method.annotation.RequestMappingHandlerAdapter.invokeHandlerMethod(RequestMappingHandlerAdapter.java:895)
	at org.springframework.web.servlet.mvc.method.annotation.RequestMappingHandlerAdapter.handleInternal(RequestMappingHandlerAdapter.java:808)
	at org.springframework.web.servlet.mvc.method.AbstractHandlerMethodAdapter.handle(AbstractHandlerMethodAdapter.java:87)
	at org.springframework.web.servlet.DispatcherServlet.doDispatch(DispatcherServlet.java:1067)
	at org.springframework.web.servlet.DispatcherServlet.doService(DispatcherServlet.java:963)
	at org.springframework.web.servlet.FrameworkServlet.processRequest(FrameworkServlet.java:1006)
	at org.springframework.web.servlet.FrameworkServlet.doGet(FrameworkServlet.java:898)
	at javax.servlet.http.HttpServlet.service(HttpServlet.java:655)
	at org.springframework.web.servlet.FrameworkServlet.service(FrameworkServlet.java:883)
	at javax.servlet.http.HttpServlet.service(HttpServlet.java:764)
	at org.apache.catalina.core.ApplicationFilterChain.internalDoFilter(ApplicationFilterChain.java:227)
	at org.apache.catalina.core.ApplicationFilterChain.doFilter(ApplicationFilterChain.java:162)
	at org.apache.tomcat.websocket.server.WsFilter.doFilter(WsFilter.java:53)
	at org.apache.catalina.core.ApplicationFilterChain.internalDoFilter(ApplicationFilterChain.java:189)
	at org.apache.catalina.core.ApplicationFilterChain.doFilter(ApplicationFilterChain.java:162)
	at org.springframework.web.filter.RequestContextFilter.doFilterInternal(RequestContextFilter.java:100)
	at org.springframework.web.filter.OncePerRequestFilter.doFilter(OncePerRequestFilter.java:117)
	at org.apache.catalina.core.ApplicationFilterChain.internalDoFilter(ApplicationFilterChain.java:189)
	at org.apache.catalina.core.ApplicationFilterChain.doFilter(ApplicationFilterChain.java:162)
	at org.springframework.web.filter.FormContentFilter.doFilterInternal(FormContentFilter.java:93)
	at org.springframework.web.filter.OncePerRequestFilter.doFilter(OncePerRequestFilter.java:117)
	at org.apache.catalina.core.ApplicationFilterChain.internalDoFilter(ApplicationFilterChain.java:189)
	at org.apache.catalina.core.ApplicationFilterChain.doFilter(ApplicationFilterChain.java:162)
	at org.springframework.web.filter.CharacterEncodingFilter.doFilterInternal(CharacterEncodingFilter.java:201)
	at org.springframework.web.filter.OncePerRequestFilter.doFilter(OncePerRequestFilter.java:117)
	at org.apache.catalina.core.ApplicationFilterChain.internalDoFilter(ApplicationFilterChain.java:189)
	at org.apache.catalina.core.ApplicationFilterChain.doFilter(ApplicationFilterChain.java:162)
	at org.apache.catalina.core.StandardWrapperValve.invoke(StandardWrapperValve.java:197)
	at org.apache.catalina.core.StandardContextValve.invoke(StandardContextValve.java:97)
	at org.apache.catalina.authenticator.AuthenticatorBase.invoke(AuthenticatorBase.java:540)
	at org.apache.catalina.core.StandardHostValve.invoke(StandardHostValve.java:135)
	at org.apache.catalina.valves.ErrorReportValve.invoke(ErrorReportValve.java:92)
	at org.apache.catalina.core.StandardEngineValve.invoke(StandardEngineValve.java:78)
	at org.apache.catalina.connector.CoyoteAdapter.service(CoyoteAdapter.java:359)
	at org.apache.coyote.http11.Http11Processor.service(Http11Processor.java:399)
	at org.apache.coyote.AbstractProcessorLight.process(AbstractProcessorLight.java:65)
	at org.apache.coyote.AbstractProtocol$ConnectionHandler.process(AbstractProtocol.java:889)
	at org.apache.tomcat.util.net.NioEndpoint$SocketProcessor.doRun(NioEndpoint.java:1735)
	at org.apache.tomcat.util.net.SocketProcessorBase.run(SocketProcessorBase.java:49)
	at org.apache.tomcat.util.threads.ThreadPoolExecutor.runWorker(ThreadPoolExecutor.java:1191)
	at org.apache.tomcat.util.threads.ThreadPoolExecutor$Worker.run(ThreadPoolExecutor.java:659)
	at org.apache.tomcat.util.threads.TaskThread$WrappingRunnable.run(TaskThread.java:61)
	at java.base/java.lang.Thread.run(Thread.java:833)
"2022-03-17 12:21:47 [http-nio-8082-exec-3] INFO  c.c.d.controller.StockController - fetching Mutual Fund using mutualFundName
""2022-03-17 12:21:47 [http-nio-8082-exec-9] INFO  c.c.d.controller.StockController - fetching Mutual Fund using mutualFundName
""2022-03-17 12:21:47 [http-nio-8082-exec-10] INFO  c.c.d.controller.StockController - fetching Mutual Fund using mutualFundName
""2022-03-17 12:21:47 [http-nio-8082-exec-2] INFO  c.c.d.controller.StockController - fetching Mutual Fund using mutualFundName
""2022-03-17 12:34:09 [http-nio-8082-exec-7] INFO  c.c.d.controller.StockController - fetching Mutual Fund using mutualFundName
""2022-03-17 12:34:09 [http-nio-8082-exec-1] INFO  c.c.d.controller.StockController - fetching Mutual Fund using mutualFundName
""2022-03-17 12:34:09 [http-nio-8082-exec-8] INFO  c.c.d.controller.StockController - fetching Mutual Fund using mutualFundName
""2022-03-17 12:34:09 [http-nio-8082-exec-9] INFO  c.c.d.controller.StockController - fetching Mutual Fund using mutualFundName
""2022-03-17 12:35:20 [http-nio-8082-exec-5] INFO  c.c.d.controller.StockController - fetching Mutual Fund using mutualFundName
""2022-03-17 12:35:20 [http-nio-8082-exec-4] INFO  c.c.d.controller.StockController - fetching Mutual Fund using mutualFundName
""2022-03-17 12:35:51 [http-nio-8082-exec-9] INFO  c.c.d.controller.StockController - fetching Mutual Fund using mutualFundName
""2022-03-17 12:35:51 [http-nio-8082-exec-8] INFO  c.c.d.controller.StockController - fetching Mutual Fund using mutualFundName
""2022-03-17 14:28:00 [Thread-6] INFO  o.s.o.j.LocalContainerEntityManagerFactoryBean - Closing JPA EntityManagerFactory for persistence unit 'default'
""2022-03-17 14:28:00 [Thread-6] WARN  o.s.b.f.s.DisposableBeanAdapter - Invocation of destroy method failed on bean with name 'inMemoryDatabaseShutdownExecutor': org.h2.jdbc.JdbcSQLNonTransientConnectionException: Database is already closed (to disable automatic closing at VM shutdown, add ";DB_CLOSE_ON_EXIT=FALSE" to the db URL) [90121-200]
""2022-03-17 14:28:00 [Thread-6] INFO  com.zaxxer.hikari.HikariDataSource - HikariPool-1 - Shutdown initiated...
""2022-03-17 14:28:00 [Thread-6] INFO  com.zaxxer.hikari.HikariDataSource - HikariPool-1 - Shutdown completed.
""2022-03-17 14:28:01 [restartedMain] INFO  c.c.d.DailySharePriceApplication - Starting DailySharePriceApplication using Java 17.0.1 on DESKTOP-40I8RBI with PID 9004 (E:\Final-Project\ecclipse workspace\DailySharePrice\target\classes started by LENOVO in E:\Final-Project\ecclipse workspace\DailySharePrice)
""2022-03-17 14:28:01 [restartedMain] INFO  c.c.d.DailySharePriceApplication - No active profile set, falling back to 1 default profile: "default"
""2022-03-17 14:28:02 [restartedMain] INFO  o.s.d.r.c.RepositoryConfigurationDelegate - Bootstrapping Spring Data JPA repositories in DEFAULT mode.
""2022-03-17 14:28:02 [restartedMain] INFO  o.s.d.r.c.RepositoryConfigurationDelegate - Finished Spring Data repository scanning in 16 ms. Found 1 JPA repository interfaces.
""2022-03-17 14:28:02 [restartedMain] INFO  o.s.cloud.context.scope.GenericScope - BeanFactory id=06edcab2-3d4f-375c-b803-7ee141e7ed09
""2022-03-17 14:28:03 [restartedMain] INFO  o.s.b.w.e.tomcat.TomcatWebServer - Tomcat initialized with port(s): 8082 (http)
""2022-03-17 14:28:03 [restartedMain] INFO  o.a.catalina.core.StandardService - Starting service [Tomcat]
""2022-03-17 14:28:03 [restartedMain] INFO  o.a.catalina.core.StandardEngine - Starting Servlet engine: [Apache Tomcat/9.0.58]
""2022-03-17 14:28:03 [restartedMain] INFO  o.a.c.c.C.[Tomcat].[localhost].[/] - Initializing Spring embedded WebApplicationContext
""2022-03-17 14:28:03 [restartedMain] INFO  o.s.b.w.s.c.ServletWebServerApplicationContext - Root WebApplicationContext: initialization completed in 1345 ms
""2022-03-17 14:28:03 [restartedMain] INFO  com.zaxxer.hikari.HikariDataSource - HikariPool-2 - Starting...
""2022-03-17 14:28:03 [restartedMain] INFO  com.zaxxer.hikari.HikariDataSource - HikariPool-2 - Start completed.
""2022-03-17 14:28:03 [restartedMain] INFO  o.s.b.a.h.H2ConsoleAutoConfiguration - H2 console available at '/h2-console'. Database available at 'jdbc:h2:mem:pms'
""2022-03-17 14:28:03 [restartedMain] INFO  o.h.jpa.internal.util.LogHelper - HHH000204: Processing PersistenceUnitInfo [name: default]
""2022-03-17 14:28:03 [restartedMain] INFO  org.hibernate.dialect.Dialect - HHH000400: Using dialect: org.hibernate.dialect.H2Dialect
""2022-03-17 14:28:03 [restartedMain] INFO  o.h.e.t.j.p.i.JtaPlatformInitiator - HHH000490: Using JtaPlatform implementation: [org.hibernate.engine.transaction.jta.platform.internal.NoJtaPlatform]
""2022-03-17 14:28:03 [restartedMain] INFO  o.s.o.j.LocalContainerEntityManagerFactoryBean - Initialized JPA EntityManagerFactory for persistence unit 'default'
""2022-03-17 14:28:03 [restartedMain] WARN  o.s.b.a.o.j.JpaBaseConfiguration$JpaWebConfiguration - spring.jpa.open-in-view is enabled by default. Therefore, database queries may be performed during view rendering. Explicitly configure spring.jpa.open-in-view to disable this warning
""2022-03-17 14:28:03 [restartedMain] INFO  o.s.b.d.a.OptionalLiveReloadServer - LiveReload server is running on port 35729
""2022-03-17 14:28:03 [restartedMain] INFO  o.s.b.w.e.tomcat.TomcatWebServer - Tomcat started on port(s): 8082 (http) with context path ''
""2022-03-17 14:28:04 [restartedMain] INFO  c.c.d.DailySharePriceApplication - Started DailySharePriceApplication in 2.457 seconds (JVM running for 16775.172)
""2022-03-17 14:28:04 [restartedMain] INFO  o.s.b.d.a.ConditionEvaluationDeltaLoggingListener - Condition evaluation unchanged
"