"2022-09-12 14:49:15 [restartedMain] INFO  c.c.a.AuthorizationApplication - Starting AuthorizationApplication using Java 16.0.2 on DESKTOP-VPCFS0B with PID 32 (D:\spring project\Authorization\target\classes started by Trust in D:\spring project\Authorization)
""2022-09-12 14:49:15 [restartedMain] INFO  c.c.a.AuthorizationApplication - No active profile set, falling back to 1 default profile: "default"
""2022-09-12 14:49:16 [restartedMain] INFO  o.s.b.d.e.DevToolsPropertyDefaultsPostProcessor - Devtools property defaults active! Set 'spring.devtools.add-properties' to 'false' to disable
""2022-09-12 14:49:16 [restartedMain] INFO  o.s.b.d.e.DevToolsPropertyDefaultsPostProcessor - For additional web related logging consider setting the 'logging.level.web' property to 'DEBUG'
""2022-09-12 14:49:22 [restartedMain] INFO  o.s.d.r.c.RepositoryConfigurationDelegate - Bootstrapping Spring Data JPA repositories in DEFAULT mode.
""2022-09-12 14:49:22 [restartedMain] INFO  o.s.d.r.c.RepositoryConfigurationDelegate - Finished Spring Data repository scanning in 251 ms. Found 1 JPA repository interfaces.
""2022-09-12 14:49:25 [restartedMain] INFO  c.c.c.CalculateNetworthApplication - Starting CalculateNetworthApplication using Java 16.0.2 on DESKTOP-VPCFS0B with PID 2272 (D:\spring project\CalculateNetworth\target\classes started by Trust in D:\spring project\Authorization)
""2022-09-12 14:49:25 [restartedMain] INFO  c.c.c.CalculateNetworthApplication - No active profile set, falling back to 1 default profile: "default"
""2022-09-12 14:49:26 [restartedMain] INFO  o.s.b.d.e.DevToolsPropertyDefaultsPostProcessor - Devtools property defaults active! Set 'spring.devtools.add-properties' to 'false' to disable
""2022-09-12 14:49:26 [restartedMain] INFO  o.s.b.d.e.DevToolsPropertyDefaultsPostProcessor - For additional web related logging consider setting the 'logging.level.web' property to 'DEBUG'
""2022-09-12 14:49:27 [restartedMain] INFO  o.s.b.w.e.tomcat.TomcatWebServer - Tomcat initialized with port(s): 8081 (http)
""2022-09-12 14:49:27 [restartedMain] INFO  o.a.catalina.core.StandardService - Starting service [Tomcat]
""2022-09-12 14:49:27 [restartedMain] INFO  o.a.catalina.core.StandardEngine - Starting Servlet engine: [Apache Tomcat/9.0.65]
""2022-09-12 14:49:28 [restartedMain] INFO  o.a.c.c.C.[Tomcat].[localhost].[/] - Initializing Spring embedded WebApplicationContext
""2022-09-12 14:49:28 [restartedMain] INFO  o.s.b.w.s.c.ServletWebServerApplicationContext - Root WebApplicationContext: initialization completed in 12064 ms
""2022-09-12 14:49:28 [restartedMain] INFO  com.zaxxer.hikari.HikariDataSource - HikariPool-1 - Starting...
""2022-09-12 14:49:30 [restartedMain] INFO  com.zaxxer.hikari.HikariDataSource - HikariPool-1 - Start completed.
""2022-09-12 14:49:30 [restartedMain] INFO  o.s.b.a.h.H2ConsoleAutoConfiguration - H2 console available at '/h2-console'. Database available at 'jdbc:h2:mem:pms'
""2022-09-12 14:49:32 [restartedMain] INFO  o.s.d.r.c.RepositoryConfigurationDelegate - Bootstrapping Spring Data JPA repositories in DEFAULT mode.
""2022-09-12 14:49:32 [restartedMain] INFO  o.s.d.r.c.RepositoryConfigurationDelegate - Finished Spring Data repository scanning in 187 ms. Found 3 JPA repository interfaces.
""2022-09-12 14:49:33 [restartedMain] INFO  o.h.jpa.internal.util.LogHelper - HHH000204: Processing PersistenceUnitInfo [name: default]
""2022-09-12 14:49:33 [restartedMain] INFO  org.hibernate.Version - HHH000412: Hibernate ORM core version 5.6.10.Final
""2022-09-12 14:49:34 [restartedMain] INFO  o.s.cloud.context.scope.GenericScope - BeanFactory id=a9fc70d7-41c9-324f-bfa0-d82de4dfb154
""2022-09-12 14:49:35 [restartedMain] INFO  o.h.annotations.common.Version - HCANN000001: Hibernate Commons Annotations {5.1.2.Final}
""2022-09-12 14:49:36 [restartedMain] INFO  org.hibernate.dialect.Dialect - HHH000400: Using dialect: org.hibernate.dialect.H2Dialect
""2022-09-12 14:49:40 [restartedMain] INFO  o.s.b.w.e.tomcat.TomcatWebServer - Tomcat initialized with port(s): 8084 (http)
""2022-09-12 14:49:40 [restartedMain] INFO  o.h.e.t.j.p.i.JtaPlatformInitiator - HHH000490: Using JtaPlatform implementation: [org.hibernate.engine.transaction.jta.platform.internal.NoJtaPlatform]
""2022-09-12 14:49:40 [restartedMain] INFO  o.a.catalina.core.StandardService - Starting service [Tomcat]
""2022-09-12 14:49:40 [restartedMain] INFO  o.a.catalina.core.StandardEngine - Starting Servlet engine: [Apache Tomcat/9.0.65]
""2022-09-12 14:49:40 [restartedMain] INFO  o.s.o.j.LocalContainerEntityManagerFactoryBean - Initialized JPA EntityManagerFactory for persistence unit 'default'
""2022-09-12 14:49:41 [restartedMain] INFO  o.a.c.c.C.[Tomcat].[localhost].[/] - Initializing Spring embedded WebApplicationContext
""2022-09-12 14:49:41 [restartedMain] INFO  o.s.b.w.s.c.ServletWebServerApplicationContext - Root WebApplicationContext: initialization completed in 15438 ms
""2022-09-12 14:49:41 [restartedMain] INFO  com.zaxxer.hikari.HikariDataSource - HikariPool-1 - Starting...
""2022-09-12 14:49:42 [restartedMain] INFO  com.zaxxer.hikari.HikariDataSource - HikariPool-1 - Start completed.
""2022-09-12 14:49:42 [restartedMain] INFO  o.s.b.a.h.H2ConsoleAutoConfiguration - H2 console available at '/h2-console'. Database available at 'jdbc:h2:mem:pms'
""2022-09-12 14:49:44 [restartedMain] WARN  o.s.b.a.o.j.JpaBaseConfiguration$JpaWebConfiguration - spring.jpa.open-in-view is enabled by default. Therefore, database queries may be performed during view rendering. Explicitly configure spring.jpa.open-in-view to disable this warning
""2022-09-12 14:49:45 [restartedMain] INFO  c.c.d.DailyMutualFundNavApplication - Starting DailyMutualFundNavApplication using Java 16.0.2 on DESKTOP-VPCFS0B with PID 10996 (D:\spring project\DailyMutualFundNAV\target\classes started by Trust in D:\spring project\Authorization)
""2022-09-12 14:49:45 [restartedMain] INFO  c.c.d.DailyMutualFundNavApplication - No active profile set, falling back to 1 default profile: "default"
""2022-09-12 14:49:45 [restartedMain] INFO  o.h.jpa.internal.util.LogHelper - HHH000204: Processing PersistenceUnitInfo [name: default]
""2022-09-12 14:49:45 [restartedMain] INFO  o.s.b.d.e.DevToolsPropertyDefaultsPostProcessor - Devtools property defaults active! Set 'spring.devtools.add-properties' to 'false' to disable
""2022-09-12 14:49:45 [restartedMain] INFO  o.s.b.d.e.DevToolsPropertyDefaultsPostProcessor - For additional web related logging consider setting the 'logging.level.web' property to 'DEBUG'
""2022-09-12 14:49:46 [restartedMain] INFO  org.hibernate.Version - HHH000412: Hibernate ORM core version 5.6.10.Final
""2022-09-12 14:49:46 [restartedMain] INFO  o.h.annotations.common.Version - HCANN000001: Hibernate Commons Annotations {5.1.2.Final}
""2022-09-12 14:49:46 [restartedMain] INFO  org.hibernate.dialect.Dialect - HHH000400: Using dialect: org.hibernate.dialect.H2Dialect
""2022-09-12 14:49:51 [restartedMain] INFO  o.h.e.t.j.p.i.JtaPlatformInitiator - HHH000490: Using JtaPlatform implementation: [org.hibernate.engine.transaction.jta.platform.internal.NoJtaPlatform]
""2022-09-12 14:49:51 [restartedMain] INFO  o.s.o.j.LocalContainerEntityManagerFactoryBean - Initialized JPA EntityManagerFactory for persistence unit 'default'
""2022-09-12 14:49:52 [restartedMain] INFO  o.s.s.web.DefaultSecurityFilterChain - Will secure any request with [org.springframework.security.web.session.DisableEncodeUrlFilter@58968112, org.springframework.security.web.context.request.async.WebAsyncManagerIntegrationFilter@58e252e5, org.springframework.security.web.context.SecurityContextPersistenceFilter@61db8a28, org.springframework.security.web.header.HeaderWriterFilter@455a2b8d, org.springframework.security.web.authentication.logout.LogoutFilter@1a535b1c, com.cts.authorization.util.JwtRequestFilter@38096be0, org.springframework.security.web.savedrequest.RequestCacheAwareFilter@1b13920d, org.springframework.security.web.servletapi.SecurityContextHolderAwareRequestFilter@335279ec, org.springframework.security.web.authentication.AnonymousAuthenticationFilter@52811c1f, org.springframework.security.web.session.SessionManagementFilter@5ceef201, org.springframework.security.web.access.ExceptionTranslationFilter@35b3af6f, org.springframework.security.web.access.intercept.FilterSecurityInterceptor@25d4e6b]
""2022-09-12 14:49:53 [restartedMain] INFO  o.s.b.d.a.OptionalLiveReloadServer - LiveReload server is running on port 35729
""2022-09-12 14:49:54 [restartedMain] INFO  o.s.d.r.c.RepositoryConfigurationDelegate - Bootstrapping Spring Data JPA repositories in DEFAULT mode.
""2022-09-12 14:49:54 [restartedMain] INFO  o.s.d.r.c.RepositoryConfigurationDelegate - Finished Spring Data repository scanning in 355 ms. Found 1 JPA repository interfaces.
""2022-09-12 14:49:54 [restartedMain] WARN  o.s.b.a.o.j.JpaBaseConfiguration$JpaWebConfiguration - spring.jpa.open-in-view is enabled by default. Therefore, database queries may be performed during view rendering. Explicitly configure spring.jpa.open-in-view to disable this warning
""2022-09-12 14:49:55 [restartedMain] WARN  o.s.b.d.a.OptionalLiveReloadServer - Unable to start LiveReload server
""2022-09-12 14:49:56 [restartedMain] INFO  o.s.b.w.e.tomcat.TomcatWebServer - Tomcat started on port(s): 8081 (http) with context path ''
""2022-09-12 14:49:56 [restartedMain] INFO  o.s.cloud.context.scope.GenericScope - BeanFactory id=1a094911-ca2d-3264-aa84-7c73bde3c5c8
""2022-09-12 14:50:02 [restartedMain] INFO  c.c.a.AuthorizationApplication - Started AuthorizationApplication in 49.47 seconds (JVM running for 65.371)
""2022-09-12 14:50:03 [restartedMain] INFO  o.s.b.w.e.tomcat.TomcatWebServer - Tomcat initialized with port(s): 8083 (http)
""2022-09-12 14:50:03 [restartedMain] INFO  o.s.b.w.e.tomcat.TomcatWebServer - Tomcat started on port(s): 8084 (http) with context path ''
""2022-09-12 14:50:03 [restartedMain] INFO  o.a.catalina.core.StandardService - Starting service [Tomcat]
""2022-09-12 14:50:03 [restartedMain] INFO  o.a.catalina.core.StandardEngine - Starting Servlet engine: [Apache Tomcat/9.0.65]
""2022-09-12 14:50:04 [restartedMain] INFO  o.a.c.c.C.[Tomcat].[localhost].[/] - Initializing Spring embedded WebApplicationContext
""2022-09-12 14:50:04 [restartedMain] INFO  o.s.b.w.s.c.ServletWebServerApplicationContext - Root WebApplicationContext: initialization completed in 18212 ms
""2022-09-12 14:50:04 [restartedMain] INFO  com.zaxxer.hikari.HikariDataSource - HikariPool-1 - Starting...
""2022-09-12 14:50:05 [restartedMain] INFO  com.zaxxer.hikari.HikariDataSource - HikariPool-1 - Start completed.
""2022-09-12 14:50:05 [restartedMain] INFO  o.s.b.a.h.H2ConsoleAutoConfiguration - H2 console available at '/h2-console'. Database available at 'jdbc:h2:mem:pms'
""2022-09-12 14:50:07 [restartedMain] INFO  c.c.c.CalculateNetworthApplication - Started CalculateNetworthApplication in 44.238 seconds (JVM running for 49.556)
""2022-09-12 14:50:09 [restartedMain] INFO  o.h.jpa.internal.util.LogHelper - HHH000204: Processing PersistenceUnitInfo [name: default]
""2022-09-12 14:50:09 [restartedMain] INFO  org.hibernate.Version - HHH000412: Hibernate ORM core version 5.6.10.Final
""2022-09-12 14:50:11 [restartedMain] INFO  o.h.annotations.common.Version - HCANN000001: Hibernate Commons Annotations {5.1.2.Final}
""2022-09-12 14:50:11 [restartedMain] INFO  org.hibernate.dialect.Dialect - HHH000400: Using dialect: org.hibernate.dialect.H2Dialect
""2022-09-12 14:50:14 [restartedMain] INFO  o.h.e.t.j.p.i.JtaPlatformInitiator - HHH000490: Using JtaPlatform implementation: [org.hibernate.engine.transaction.jta.platform.internal.NoJtaPlatform]
""2022-09-12 14:50:14 [restartedMain] INFO  o.s.o.j.LocalContainerEntityManagerFactoryBean - Initialized JPA EntityManagerFactory for persistence unit 'default'
""2022-09-12 14:50:16 [restartedMain] INFO  c.c.d.DailySharePriceApplication - Starting DailySharePriceApplication using Java 16.0.2 on DESKTOP-VPCFS0B with PID 5108 (D:\spring project\DailySharePrice\target\classes started by Trust in D:\spring project\Authorization)
""2022-09-12 14:50:16 [restartedMain] INFO  c.c.d.DailySharePriceApplication - No active profile set, falling back to 1 default profile: "default"
""2022-09-12 14:50:17 [restartedMain] INFO  o.s.b.d.e.DevToolsPropertyDefaultsPostProcessor - Devtools property defaults active! Set 'spring.devtools.add-properties' to 'false' to disable
""2022-09-12 14:50:17 [restartedMain] INFO  o.s.b.d.e.DevToolsPropertyDefaultsPostProcessor - For additional web related logging consider setting the 'logging.level.web' property to 'DEBUG'
""2022-09-12 14:50:18 [restartedMain] WARN  o.s.b.a.o.j.JpaBaseConfiguration$JpaWebConfiguration - spring.jpa.open-in-view is enabled by default. Therefore, database queries may be performed during view rendering. Explicitly configure spring.jpa.open-in-view to disable this warning
""2022-09-12 14:50:18 [restartedMain] WARN  o.s.b.d.a.OptionalLiveReloadServer - Unable to start LiveReload server
""2022-09-12 14:50:22 [restartedMain] INFO  o.s.b.w.e.tomcat.TomcatWebServer - Tomcat started on port(s): 8083 (http) with context path ''
""2022-09-12 14:50:23 [restartedMain] INFO  o.s.d.r.c.RepositoryConfigurationDelegate - Bootstrapping Spring Data JPA repositories in DEFAULT mode.
""2022-09-12 14:50:24 [restartedMain] INFO  o.s.d.r.c.RepositoryConfigurationDelegate - Finished Spring Data repository scanning in 142 ms. Found 1 JPA repository interfaces.
""2022-09-12 14:50:24 [restartedMain] INFO  o.s.cloud.context.scope.GenericScope - BeanFactory id=2e9d9681-8327-3033-a442-ae31de160f12
""2022-09-12 14:50:26 [restartedMain] INFO  c.c.d.DailyMutualFundNavApplication - Started DailyMutualFundNavApplication in 46.702 seconds (JVM running for 51.945)
""2022-09-12 14:50:29 [restartedMain] INFO  o.s.b.w.e.tomcat.TomcatWebServer - Tomcat initialized with port(s): 8082 (http)
""2022-09-12 14:50:29 [restartedMain] INFO  o.a.catalina.core.StandardService - Starting service [Tomcat]
""2022-09-12 14:50:29 [restartedMain] INFO  o.a.catalina.core.StandardEngine - Starting Servlet engine: [Apache Tomcat/9.0.65]
""2022-09-12 14:50:29 [restartedMain] INFO  o.a.c.c.C.[Tomcat].[localhost].[/] - Initializing Spring embedded WebApplicationContext
""2022-09-12 14:50:29 [restartedMain] INFO  o.s.b.w.s.c.ServletWebServerApplicationContext - Root WebApplicationContext: initialization completed in 12178 ms
""2022-09-12 14:50:29 [restartedMain] INFO  com.zaxxer.hikari.HikariDataSource - HikariPool-1 - Starting...
""2022-09-12 14:50:30 [restartedMain] INFO  com.zaxxer.hikari.HikariDataSource - HikariPool-1 - Start completed.
""2022-09-12 14:50:30 [restartedMain] INFO  o.s.b.a.h.H2ConsoleAutoConfiguration - H2 console available at '/h2-console'. Database available at 'jdbc:h2:mem:pms'
""2022-09-12 14:50:31 [restartedMain] INFO  o.h.jpa.internal.util.LogHelper - HHH000204: Processing PersistenceUnitInfo [name: default]
""2022-09-12 14:50:31 [restartedMain] INFO  org.hibernate.Version - HHH000412: Hibernate ORM core version 5.6.10.Final
""2022-09-12 14:50:31 [restartedMain] INFO  o.h.annotations.common.Version - HCANN000001: Hibernate Commons Annotations {5.1.2.Final}
""2022-09-12 14:50:31 [restartedMain] INFO  org.hibernate.dialect.Dialect - HHH000400: Using dialect: org.hibernate.dialect.H2Dialect
""2022-09-12 14:50:32 [restartedMain] INFO  o.h.e.t.j.p.i.JtaPlatformInitiator - HHH000490: Using JtaPlatform implementation: [org.hibernate.engine.transaction.jta.platform.internal.NoJtaPlatform]
""2022-09-12 14:50:32 [restartedMain] INFO  o.s.o.j.LocalContainerEntityManagerFactoryBean - Initialized JPA EntityManagerFactory for persistence unit 'default'
""2022-09-12 14:50:33 [restartedMain] WARN  o.s.b.a.o.j.JpaBaseConfiguration$JpaWebConfiguration - spring.jpa.open-in-view is enabled by default. Therefore, database queries may be performed during view rendering. Explicitly configure spring.jpa.open-in-view to disable this warning
""2022-09-12 14:50:33 [restartedMain] WARN  o.s.b.d.a.OptionalLiveReloadServer - Unable to start LiveReload server
""2022-09-12 14:50:35 [restartedMain] INFO  o.s.b.w.e.tomcat.TomcatWebServer - Tomcat started on port(s): 8082 (http) with context path ''
""2022-09-12 14:50:36 [restartedMain] INFO  c.c.d.DailySharePriceApplication - Started DailySharePriceApplication in 24.859 seconds (JVM running for 31.037)
""2022-09-12 14:57:01 [http-nio-8081-exec-1] INFO  o.a.c.c.C.[Tomcat].[localhost].[/] - Initializing Spring DispatcherServlet 'dispatcherServlet'
""2022-09-12 14:57:01 [http-nio-8081-exec-1] INFO  o.s.web.servlet.DispatcherServlet - Initializing Servlet 'dispatcherServlet'
""2022-09-12 14:57:01 [http-nio-8081-exec-1] INFO  o.s.web.servlet.DispatcherServlet - Completed initialization in 0 ms
""2022-09-12 14:57:02 [http-nio-8081-exec-2] INFO  c.c.a.controller.AuthController - Authentication started....
""2022-09-12 14:57:02 [http-nio-8081-exec-2] INFO  c.c.a.controller.AuthController - Authentication successfully..
""2022-09-12 14:57:03 [http-nio-8081-exec-2] INFO  c.c.a.controller.AuthController - Received request to generate token for rohith
""2022-09-12 14:57:10 [http-nio-8084-exec-2] INFO  o.a.c.c.C.[Tomcat].[localhost].[/] - Initializing Spring DispatcherServlet 'dispatcherServlet'
""2022-09-12 14:57:10 [http-nio-8084-exec-2] INFO  o.s.web.servlet.DispatcherServlet - Initializing Servlet 'dispatcherServlet'
""2022-09-12 14:57:10 [http-nio-8084-exec-2] INFO  o.s.web.servlet.DispatcherServlet - Completed initialization in 3 ms
""2022-09-12 14:57:11 [http-nio-8081-exec-5] INFO  c.c.a.util.JwtRequestFilter - SecurityContextHolder was null!!!
""2022-09-12 14:57:11 [http-nio-8081-exec-4] INFO  c.c.a.util.JwtRequestFilter - SecurityContextHolder was null!!!
""2022-09-12 14:57:11 [http-nio-8081-exec-5] INFO  c.c.a.controller.AuthController - Getting userId by token...
""2022-09-12 14:57:11 [http-nio-8081-exec-4] INFO  c.c.a.controller.AuthController - Getting userId by token...
""2022-09-12 14:57:11 [http-nio-8084-exec-4] INFO  c.c.c.controller.NetworthController - calculating networth....
""2022-09-12 14:57:11 [http-nio-8084-exec-3] INFO  c.c.c.controller.NetworthController - finding portfolio by id...
""2022-09-12 14:57:12 [http-nio-8082-exec-1] INFO  o.a.c.c.C.[Tomcat].[localhost].[/] - Initializing Spring DispatcherServlet 'dispatcherServlet'
""2022-09-12 14:57:12 [http-nio-8082-exec-1] INFO  o.s.web.servlet.DispatcherServlet - Initializing Servlet 'dispatcherServlet'
""2022-09-12 14:57:12 [http-nio-8082-exec-1] INFO  o.s.web.servlet.DispatcherServlet - Completed initialization in 6 ms
""2022-09-12 14:57:12 [http-nio-8081-exec-6] INFO  c.c.a.util.JwtRequestFilter - SecurityContextHolder was null!!!
""2022-09-12 14:57:12 [http-nio-8081-exec-7] INFO  c.c.a.util.JwtRequestFilter - SecurityContextHolder was null!!!
""2022-09-12 14:57:12 [http-nio-8081-exec-6] INFO  c.c.a.controller.AuthController - Getting username by token...
""2022-09-12 14:57:12 [http-nio-8081-exec-7] INFO  c.c.a.controller.AuthController - Getting username by token...
""2022-09-12 14:57:12 [http-nio-8082-exec-4] INFO  c.c.d.controller.StockController - fetching Stock Details using stockName
""2022-09-12 14:57:12 [http-nio-8082-exec-5] INFO  c.c.d.controller.StockController - fetching Stock Details using stockName
""2022-09-12 14:57:12 [http-nio-8081-exec-8] INFO  c.c.a.util.JwtRequestFilter - SecurityContextHolder was null!!!
""2022-09-12 14:57:12 [http-nio-8081-exec-8] INFO  c.c.a.controller.AuthController - Getting username by token...
""2022-09-12 14:57:12 [http-nio-8082-exec-1] INFO  c.c.d.controller.StockController - fetching Stock Details using stockName
""2022-09-12 14:57:12 [http-nio-8083-exec-1] INFO  o.a.c.c.C.[Tomcat].[localhost].[/] - Initializing Spring DispatcherServlet 'dispatcherServlet'
""2022-09-12 14:57:12 [http-nio-8083-exec-1] INFO  o.s.web.servlet.DispatcherServlet - Initializing Servlet 'dispatcherServlet'
""2022-09-12 14:57:12 [http-nio-8083-exec-1] INFO  o.s.web.servlet.DispatcherServlet - Completed initialization in 3 ms
""2022-09-12 14:57:13 [http-nio-8081-exec-9] INFO  c.c.a.util.JwtRequestFilter - SecurityContextHolder was null!!!
""2022-09-12 14:57:13 [http-nio-8081-exec-10] INFO  c.c.a.util.JwtRequestFilter - SecurityContextHolder was null!!!
""2022-09-12 14:57:13 [http-nio-8081-exec-9] INFO  c.c.a.controller.AuthController - Getting username by token...
""2022-09-12 14:57:13 [http-nio-8081-exec-10] INFO  c.c.a.controller.AuthController - Getting username by token...
""2022-09-12 14:57:13 [http-nio-8083-exec-3] INFO  c.c.d.c.MutualFundController - Fetching MutualFund using MutualName
""2022-09-12 14:57:13 [http-nio-8083-exec-4] INFO  c.c.d.c.MutualFundController - Fetching MutualFund using MutualName
""2022-09-12 14:57:14 [http-nio-8081-exec-1] INFO  c.c.a.util.JwtRequestFilter - SecurityContextHolder was null!!!
""2022-09-12 14:57:14 [http-nio-8081-exec-1] INFO  c.c.a.controller.AuthController - Getting username by token...
""2022-09-12 14:57:14 [http-nio-8082-exec-6] INFO  c.c.d.controller.StockController - fetching Stock Details using stockName
""2022-09-12 14:57:14 [http-nio-8081-exec-2] INFO  c.c.a.util.JwtRequestFilter - SecurityContextHolder was null!!!
""2022-09-12 14:57:14 [http-nio-8081-exec-2] INFO  c.c.a.controller.AuthController - Getting username by token...
""2022-09-12 14:57:14 [http-nio-8083-exec-5] INFO  c.c.d.c.MutualFundController - Fetching MutualFund using MutualName
""2022-09-12 14:57:14 [http-nio-8081-exec-3] INFO  c.c.a.util.JwtRequestFilter - SecurityContextHolder was null!!!
""2022-09-12 14:57:14 [http-nio-8081-exec-3] INFO  c.c.a.controller.AuthController - Getting username by token...
""2022-09-12 14:57:14 [http-nio-8083-exec-7] INFO  c.c.d.c.MutualFundController - Fetching MutualFund using MutualName
""2022-09-12 15:14:18 [SpringApplicationShutdownHook] INFO  o.s.o.j.LocalContainerEntityManagerFactoryBean - Closing JPA EntityManagerFactory for persistence unit 'default'
""2022-09-12 15:14:18 [SpringApplicationShutdownHook] WARN  o.s.b.f.s.DisposableBeanAdapter - Invocation of destroy method failed on bean with name 'inMemoryDatabaseShutdownExecutor': org.h2.jdbc.JdbcSQLNonTransientConnectionException: Database is already closed (to disable automatic closing at VM shutdown, add ";DB_CLOSE_ON_EXIT=FALSE" to the db URL) [90121-214]
""2022-09-12 15:14:18 [SpringApplicationShutdownHook] INFO  com.zaxxer.hikari.HikariDataSource - HikariPool-1 - Shutdown initiated...
""2022-09-12 15:14:18 [SpringApplicationShutdownHook] INFO  com.zaxxer.hikari.HikariDataSource - HikariPool-1 - Shutdown completed.
""2022-09-12 15:14:22 [SpringApplicationShutdownHook] INFO  o.s.o.j.LocalContainerEntityManagerFactoryBean - Closing JPA EntityManagerFactory for persistence unit 'default'
""2022-09-12 15:14:23 [SpringApplicationShutdownHook] WARN  o.s.b.f.s.DisposableBeanAdapter - Invocation of destroy method failed on bean with name 'inMemoryDatabaseShutdownExecutor': org.h2.jdbc.JdbcSQLNonTransientConnectionException: Database is already closed (to disable automatic closing at VM shutdown, add ";DB_CLOSE_ON_EXIT=FALSE" to the db URL) [90121-214]
""2022-09-12 15:14:23 [SpringApplicationShutdownHook] INFO  com.zaxxer.hikari.HikariDataSource - HikariPool-1 - Shutdown initiated...
""2022-09-12 15:14:23 [SpringApplicationShutdownHook] INFO  com.zaxxer.hikari.HikariDataSource - HikariPool-1 - Shutdown completed.
""2022-09-12 15:14:24 [SpringApplicationShutdownHook] INFO  o.s.o.j.LocalContainerEntityManagerFactoryBean - Closing JPA EntityManagerFactory for persistence unit 'default'
""2022-09-12 15:14:25 [SpringApplicationShutdownHook] WARN  o.s.b.f.s.DisposableBeanAdapter - Invocation of destroy method failed on bean with name 'inMemoryDatabaseShutdownExecutor': org.h2.jdbc.JdbcSQLNonTransientConnectionException: Database is already closed (to disable automatic closing at VM shutdown, add ";DB_CLOSE_ON_EXIT=FALSE" to the db URL) [90121-214]
""2022-09-12 15:14:25 [SpringApplicationShutdownHook] INFO  com.zaxxer.hikari.HikariDataSource - HikariPool-1 - Shutdown initiated...
""2022-09-12 15:14:25 [SpringApplicationShutdownHook] INFO  com.zaxxer.hikari.HikariDataSource - HikariPool-1 - Shutdown completed.
""2022-09-12 15:14:27 [SpringApplicationShutdownHook] INFO  o.s.o.j.LocalContainerEntityManagerFactoryBean - Closing JPA EntityManagerFactory for persistence unit 'default'
""2022-09-12 15:14:27 [SpringApplicationShutdownHook] WARN  o.s.b.f.s.DisposableBeanAdapter - Invocation of destroy method failed on bean with name 'inMemoryDatabaseShutdownExecutor': org.h2.jdbc.JdbcSQLNonTransientConnectionException: Database is already closed (to disable automatic closing at VM shutdown, add ";DB_CLOSE_ON_EXIT=FALSE" to the db URL) [90121-214]
""2022-09-12 15:14:27 [SpringApplicationShutdownHook] INFO  com.zaxxer.hikari.HikariDataSource - HikariPool-1 - Shutdown initiated...
""2022-09-12 15:14:27 [SpringApplicationShutdownHook] INFO  com.zaxxer.hikari.HikariDataSource - HikariPool-1 - Shutdown completed.
"